Using pre-set license
Built from '2020.3/staging' branch; Version is '2020.3.18f1 (a7d1c678663c) revision 10998214'; Using compiler version '192528614'; Build Type 'Release'
OS: 'Windows 10 Pro; OS build 18363.1256; Version 1909; 64bit' Language: 'zh' Physical Memory: 7971 MB
BatchMode: 1, IsHumanControllingUs: 0, StartBugReporterOnCrash: 0, Is64bit: 1, IsPro: 0

COMMAND LINE ARGUMENTS:
C:\Program Files\Unity\Hub\Editor\2020.3.18f1\Editor\Unity.exe
-adb2
-batchMode
-noUpm
-name
AssetImportWorker0
-projectPath
C:/Users/Appedu/Documents/GitHub/escape
-logFile
Logs/AssetImportWorker0.log
-srvPort
49345
Successfully changed project path to: C:/Users/Appedu/Documents/GitHub/escape
C:/Users/Appedu/Documents/GitHub/escape
Using Asset Import Pipeline V2.
Refreshing native plugins compatible for Editor in 22.10 ms, found 2 plugins.
Preloading 0 native plugins for Editor in 0.00 ms.
Initialize engine version: 2020.3.18f1 (a7d1c678663c)
[Subsystems] Discovering subsystems at path C:/Program Files/Unity/Hub/Editor/2020.3.18f1/Editor/Data/Resources/UnitySubsystems
[Subsystems] Discovering subsystems at path C:/Users/Appedu/Documents/GitHub/escape/Assets
GfxDevice: creating device client; threaded=0
Direct3D:
    Version:  Direct3D 11.0 [level 11.1]
    Renderer: NVIDIA GeForce RTX 3050 Laptop GPU (ID=0x25a2)
    Vendor:   
    VRAM:     3991 MB
    Driver:   30.0.14.7168
Initialize mono
Mono path[0] = 'C:/Program Files/Unity/Hub/Editor/2020.3.18f1/Editor/Data/Managed'
Mono path[1] = 'C:/Program Files/Unity/Hub/Editor/2020.3.18f1/Editor/Data/MonoBleedingEdge/lib/mono/unityjit'
Mono config path = 'C:/Program Files/Unity/Hub/Editor/2020.3.18f1/Editor/Data/MonoBleedingEdge/etc'
Using monoOptions --debugger-agent=transport=dt_socket,embedding=1,server=y,suspend=n,address=127.0.0.1:56236
Begin MonoManager ReloadAssembly
Registering precompiled unity dll's ...
Register platform support module: C:/Program Files/Unity/Hub/Editor/2020.3.18f1/Editor/Data/PlaybackEngines/WebGLSupport/UnityEditor.WebGL.Extensions.dll
Register platform support module: C:/Program Files/Unity/Hub/Editor/2020.3.18f1/Editor/Data/PlaybackEngines/WindowsStandaloneSupport/UnityEditor.WindowsStandalone.Extensions.dll
Registered in 0.001294 seconds.
Native extension for WindowsStandalone target not found
Native extension for WebGL target not found
Refreshing native plugins compatible for Editor in 21.95 ms, found 2 plugins.
Preloading 0 native plugins for Editor in 0.00 ms.
Mono: successfully reloaded assembly
- Completed reload, in  0.701 seconds
Domain Reload Profiling:
	ReloadAssembly (701ms)
		BeginReloadAssembly (34ms)
			ExecutionOrderSort (0ms)
			DisableScriptedObjects (0ms)
			BackupInstance (0ms)
			ReleaseScriptingObjects (0ms)
			CreateAndSetChildDomain (1ms)
		EndReloadAssembly (274ms)
			LoadAssemblies (32ms)
			RebuildTransferFunctionScriptingTraits (0ms)
			SetupTypeCache (95ms)
			ReleaseScriptCaches (0ms)
			RebuildScriptCaches (21ms)
			SetupLoadedEditorAssemblies (111ms)
				LogAssemblyErrors (0ms)
				InitializePlatformSupportModulesInManaged (4ms)
				SetLoadedEditorAssemblies (0ms)
				RefreshPlugins (22ms)
				BeforeProcessingInitializeOnLoad (12ms)
				ProcessInitializeOnLoadAttributes (52ms)
				ProcessInitializeOnLoadMethodAttributes (20ms)
				AfterProcessingInitializeOnLoad (0ms)
				EditorAssembliesLoaded (0ms)
			ExecutionOrderSort2 (0ms)
			AwakeInstancesAfterBackupRestoration (0ms)
Platform modules already initialized, skipping
Registering precompiled user dll's ...
Registered in 0.001922 seconds.
Begin MonoManager ReloadAssembly
Native extension for WindowsStandalone target not found
Native extension for WebGL target not found
Refreshing native plugins compatible for Editor in 0.26 ms, found 2 plugins.
Preloading 0 native plugins for Editor in 0.00 ms.
Mono: successfully reloaded assembly
- Completed reload, in  0.663 seconds
Domain Reload Profiling:
	ReloadAssembly (663ms)
		BeginReloadAssembly (96ms)
			ExecutionOrderSort (0ms)
			DisableScriptedObjects (3ms)
			BackupInstance (0ms)
			ReleaseScriptingObjects (0ms)
			CreateAndSetChildDomain (14ms)
		EndReloadAssembly (526ms)
			LoadAssemblies (54ms)
			RebuildTransferFunctionScriptingTraits (0ms)
			SetupTypeCache (179ms)
			ReleaseScriptCaches (0ms)
			RebuildScriptCaches (27ms)
			SetupLoadedEditorAssemblies (204ms)
				LogAssemblyErrors (0ms)
				InitializePlatformSupportModulesInManaged (4ms)
				SetLoadedEditorAssemblies (0ms)
				RefreshPlugins (0ms)
				BeforeProcessingInitializeOnLoad (54ms)
				ProcessInitializeOnLoadAttributes (139ms)
				ProcessInitializeOnLoadMethodAttributes (3ms)
				AfterProcessingInitializeOnLoad (4ms)
				EditorAssembliesLoaded (0ms)
			ExecutionOrderSort2 (0ms)
			AwakeInstancesAfterBackupRestoration (4ms)
Platform modules already initialized, skipping
========================================================================
Worker process is ready to serve import requests
Launched and connected shader compiler UnityShaderCompiler.exe after 0.03 seconds
Refreshing native plugins compatible for Editor in 0.31 ms, found 2 plugins.
Preloading 0 native plugins for Editor in 0.00 ms.
Unloading 1404 Unused Serialized files (Serialized files now loaded: 0)
System memory in use before: 65.0 MB.
System memory in use after: 65.1 MB.

Unloading 16 unused Assets to reduce memory usage. Loaded Objects now: 1838.
Total: 2.101300 ms (FindLiveObjects: 0.114100 ms CreateObjectMapping: 0.026400 ms MarkObjects: 1.884600 ms  DeleteObjects: 0.074100 ms)

AssetImportParameters requested are different than current active one (requested -> active):
  custom:framework-win-MediaFoundation: 216162199b28c13a410421893ffa2e32 -> 
  custom:video-decoder-ogg-theora: a1e56fd34408186e4bbccfd4996cb3dc -> 
  custom:container-muxer-webm: aa71ff27fc2769a1b78a27578f13a17b -> 
  custom:container-demuxer-webm: 4f35f7cbe854078d1ac9338744f61a02 -> 
  custom:container-demuxer-ogg: 62fdf1f143b41e24485cea50d1cbac27 -> 
  custom:video-encoder-webm-vp8: eb34c28f22e8b96e1ab97ce403110664 -> 
  custom:video-decoder-webm-vp8: 9c59270c3fd7afecdb556c50c9e8de78 -> 
  custom:audio-decoder-ogg-vorbis: bf7c407c2cedff20999df2af8eb42d56 -> 
  custom:audio-encoder-webm-vorbis: bf7c407c2cedff20999df2af8eb42d56 -> 
========================================================================
Received Import Request.
  path: Assets/Animation/開啟中的門左半.controller
  artifactKey: Guid(1c4d1af3ebdbc3747808aaddac26c8d3) Importer(815301076,1909f56bfc062723c751e8b465ee728b)
Start importing Assets/Animation/開啟中的門左半.controller using Guid(1c4d1af3ebdbc3747808aaddac26c8d3) Importer(815301076,1909f56bfc062723c751e8b465ee728b)  -> (artifact id: 'e7dc353c84d1f1b24c78f1125336511d') in 0.019110 seconds 
  Import took 0.020934 seconds .

========================================================================
Received Import Request.
  Time since last request: 28.006684 seconds.
  path: Assets/Scenes/最終場景.unity
  artifactKey: Guid(b022265008219584fa1402b78c1973be) Importer(815301076,1909f56bfc062723c751e8b465ee728b)
Start importing Assets/Scenes/最終場景.unity using Guid(b022265008219584fa1402b78c1973be) Importer(815301076,1909f56bfc062723c751e8b465ee728b)  -> (artifact id: 'd7fd6f44bd539d5f97810acd6db157f5') in 0.001832 seconds 
  Import took 0.003991 seconds .

========================================================================
Received Import Request.
  Time since last request: 20.840723 seconds.
  path: Assets/素材/211614_down_b_arrow_icon.png
  artifactKey: Guid(be12fc129b648d54cbf10efbe4b3ad11) Importer(815301076,1909f56bfc062723c751e8b465ee728b)
Start importing Assets/素材/211614_down_b_arrow_icon.png using Guid(be12fc129b648d54cbf10efbe4b3ad11) Importer(815301076,1909f56bfc062723c751e8b465ee728b)  -> (artifact id: '191ab3d2aa7cdbc5560c8237429e3b8a') in 0.061354 seconds 
  Import took 0.063995 seconds .

========================================================================
Received Import Request.
  Time since last request: 0.000197 seconds.
  path: Assets/素材/211620_b_right_arrow_icon.png
  artifactKey: Guid(a10eb1946a79fc141a1b9b01e5e55f1f) Importer(815301076,1909f56bfc062723c751e8b465ee728b)
Start importing Assets/素材/211620_b_right_arrow_icon.png using Guid(a10eb1946a79fc141a1b9b01e5e55f1f) Importer(815301076,1909f56bfc062723c751e8b465ee728b)  -> (artifact id: '749cee16bff671a276f98a775df73292') in 0.007953 seconds 
  Import took 0.010004 seconds .

========================================================================
Received Import Request.
  Time since last request: 0.000165 seconds.
  path: Assets/素材/煙霧畫作.png
  artifactKey: Guid(92c259f2bfa98b8489f1fdc26111bf2a) Importer(815301076,1909f56bfc062723c751e8b465ee728b)
Start importing Assets/素材/煙霧畫作.png using Guid(92c259f2bfa98b8489f1fdc26111bf2a) Importer(815301076,1909f56bfc062723c751e8b465ee728b)  -> (artifact id: '3211825d3a9db58615eb945b7a9fb955') in 0.011861 seconds 
  Import took 0.013821 seconds .

========================================================================
Received Import Request.
  Time since last request: 0.000167 seconds.
  path: Assets/素材/211617_b_left_arrow_icon.png
  artifactKey: Guid(1fdf9a935c3e13b449d4089b28af89c3) Importer(815301076,1909f56bfc062723c751e8b465ee728b)
Start importing Assets/素材/211617_b_left_arrow_icon.png using Guid(1fdf9a935c3e13b449d4089b28af89c3) Importer(815301076,1909f56bfc062723c751e8b465ee728b)  -> (artifact id: '7ee7df1f748a66cfd04fd80b6f1aa8f4') in 0.007436 seconds 
  Import took 0.009544 seconds .

========================================================================
Received Import Request.
  Time since last request: 0.000177 seconds.
  path: Assets/素材/主畫面.png
  artifactKey: Guid(e948dfbe2c4edd84f821f8712ac3fba9) Importer(815301076,1909f56bfc062723c751e8b465ee728b)
Start importing Assets/素材/主畫面.png using Guid(e948dfbe2c4edd84f821f8712ac3fba9) Importer(815301076,1909f56bfc062723c751e8b465ee728b)  -> (artifact id: '829afb5dc587301660148f31ca12cf61') in 0.010700 seconds 
  Import took 0.012964 seconds .

========================================================================
Received Import Request.
  Time since last request: 0.000296 seconds.
  path: Assets/素材/211623_b_up_arrow_icon.png
  artifactKey: Guid(e4e041472ada94d4d8ce885ac4aab57f) Importer(815301076,1909f56bfc062723c751e8b465ee728b)
Start importing Assets/素材/211623_b_up_arrow_icon.png using Guid(e4e041472ada94d4d8ce885ac4aab57f) Importer(815301076,1909f56bfc062723c751e8b465ee728b)  -> (artifact id: '9d8732ceb11abae72662842fa48f8a9e') in 0.006884 seconds 
  Import took 0.009346 seconds .

========================================================================
Received Import Request.
  Time since last request: 0.000164 seconds.
  path: Assets/素材/未命名.png
  artifactKey: Guid(933ad2ad2ec0bf7429166695057f8577) Importer(815301076,1909f56bfc062723c751e8b465ee728b)
Start importing Assets/素材/未命名.png using Guid(933ad2ad2ec0bf7429166695057f8577) Importer(815301076,1909f56bfc062723c751e8b465ee728b)  -> (artifact id: 'd9ad6dba4ffc7208c095a9cbcd9393f1') in 0.008061 seconds 
  Import took 0.010080 seconds .

========================================================================
Received Import Request.
  Time since last request: 0.412517 seconds.
  path: Assets/素材/牆.jpg
  artifactKey: Guid(92577c67e8e04c14a961d67484d3d76a) Importer(815301076,1909f56bfc062723c751e8b465ee728b)
Start importing Assets/素材/牆.jpg using Guid(92577c67e8e04c14a961d67484d3d76a) Importer(815301076,1909f56bfc062723c751e8b465ee728b)  -> (artifact id: '41dc974beabc7c9ef7361f8a65ef3fb2') in 0.011564 seconds 
  Import took 0.013798 seconds .

========================================================================
Received Import Request.
  Time since last request: 0.000168 seconds.
  path: Assets/素材/背景 1.jpg
  artifactKey: Guid(f490c204f4fee5f4f9d546126727ddf6) Importer(815301076,1909f56bfc062723c751e8b465ee728b)
Start importing Assets/素材/背景 1.jpg using Guid(f490c204f4fee5f4f9d546126727ddf6) Importer(815301076,1909f56bfc062723c751e8b465ee728b)  -> (artifact id: '5e9c256ae1eb48f06f3ebac44d8d35fe') in 0.008731 seconds 
  Import took 0.010925 seconds .

========================================================================
Received Import Request.
  Time since last request: 0.000184 seconds.
  path: Assets/素材/牆.jpg
  artifactKey: Guid(92577c67e8e04c14a961d67484d3d76a) Importer(815301076,1909f56bfc062723c751e8b465ee728b)
Start importing Assets/素材/牆.jpg using Guid(92577c67e8e04c14a961d67484d3d76a) Importer(815301076,1909f56bfc062723c751e8b465ee728b)  -> (artifact id: '41dc974beabc7c9ef7361f8a65ef3fb2') in 0.008417 seconds 
  Import took 0.010721 seconds .

========================================================================
Received Import Request.
  Time since last request: 0.000177 seconds.
  path: Assets/素材/背景 1.jpg
  artifactKey: Guid(f490c204f4fee5f4f9d546126727ddf6) Importer(815301076,1909f56bfc062723c751e8b465ee728b)
Start importing Assets/素材/背景 1.jpg using Guid(f490c204f4fee5f4f9d546126727ddf6) Importer(815301076,1909f56bfc062723c751e8b465ee728b)  -> (artifact id: '5e9c256ae1eb48f06f3ebac44d8d35fe') in 0.008453 seconds 
  Import took 0.010470 seconds .

========================================================================
Received Import Request.
  Time since last request: 0.001834 seconds.
  path: Assets/素材/背景.jpg
  artifactKey: Guid(695742d970da6e341b2068a62988ea7c) Importer(815301076,1909f56bfc062723c751e8b465ee728b)
Start importing Assets/素材/背景.jpg using Guid(695742d970da6e341b2068a62988ea7c) Importer(815301076,1909f56bfc062723c751e8b465ee728b)  -> (artifact id: '58cd81e98875221cff8503a8ffb90580') in 0.007862 seconds 
  Import took 0.009932 seconds .

========================================================================
Received Import Request.
  Time since last request: 0.000167 seconds.
  path: Assets/素材/背景.png
  artifactKey: Guid(4e26164a3e0902d4baebd88b682f5a74) Importer(815301076,1909f56bfc062723c751e8b465ee728b)
Start importing Assets/素材/背景.png using Guid(4e26164a3e0902d4baebd88b682f5a74) Importer(815301076,1909f56bfc062723c751e8b465ee728b)  -> (artifact id: '9703fa597a7e1684c90be6f27af13f94') in 0.009833 seconds 
  Import took 0.011821 seconds .

========================================================================
Received Import Request.
  Time since last request: 0.000762 seconds.
  path: Assets/素材/背景.png
  artifactKey: Guid(4e26164a3e0902d4baebd88b682f5a74) Importer(815301076,1909f56bfc062723c751e8b465ee728b)
Start importing Assets/素材/背景.png using Guid(4e26164a3e0902d4baebd88b682f5a74) Importer(815301076,1909f56bfc062723c751e8b465ee728b)  -> (artifact id: '9703fa597a7e1684c90be6f27af13f94') in 0.008763 seconds 
  Import took 0.010790 seconds .

========================================================================
Received Import Request.
  Time since last request: 0.000146 seconds.
  path: Assets/素材/鼎01.png
  artifactKey: Guid(ce249cc52a61177418af83c4aacd167e) Importer(815301076,1909f56bfc062723c751e8b465ee728b)
Start importing Assets/素材/鼎01.png using Guid(ce249cc52a61177418af83c4aacd167e) Importer(815301076,1909f56bfc062723c751e8b465ee728b)  -> (artifact id: '0c032cda35054e5f5469ebe8ab947eeb') in 0.008377 seconds 
  Import took 0.010454 seconds .

========================================================================
Received Import Request.
  Time since last request: 0.000144 seconds.
  path: Assets/素材/_.ttf
  artifactKey: Guid(0404fff6438f4ac42876eedeee06c692) Importer(815301076,1909f56bfc062723c751e8b465ee728b)
Start importing Assets/素材/_.ttf using Guid(0404fff6438f4ac42876eedeee06c692) Importer(815301076,1909f56bfc062723c751e8b465ee728b)  -> (artifact id: '8b58fe10839e97bebc2a5867c2146435') in 0.043148 seconds 
  Import took 0.046284 seconds .

========================================================================
Received Import Request.
  Time since last request: 0.005513 seconds.
  path: Assets/素材/_.ttf
  artifactKey: Guid(0404fff6438f4ac42876eedeee06c692) Importer(815301076,1909f56bfc062723c751e8b465ee728b)
Start importing Assets/素材/_.ttf using Guid(0404fff6438f4ac42876eedeee06c692) Importer(815301076,1909f56bfc062723c751e8b465ee728b)  -> (artifact id: '8b58fe10839e97bebc2a5867c2146435') in 0.014818 seconds 
  Import took 0.017616 seconds .

========================================================================
Received Prepare
Registering precompiled user dll's ...
Registered in 0.001950 seconds.
Begin MonoManager ReloadAssembly
Native extension for WindowsStandalone target not found
Native extension for WebGL target not found
Refreshing native plugins compatible for Editor in 0.45 ms, found 2 plugins.
Preloading 0 native plugins for Editor in 0.00 ms.
Mono: successfully reloaded assembly
- Completed reload, in  0.720 seconds
Domain Reload Profiling:
	ReloadAssembly (721ms)
		BeginReloadAssembly (85ms)
			ExecutionOrderSort (0ms)
			DisableScriptedObjects (3ms)
			BackupInstance (0ms)
			ReleaseScriptingObjects (0ms)
			CreateAndSetChildDomain (31ms)
		EndReloadAssembly (587ms)
			LoadAssemblies (64ms)
			RebuildTransferFunctionScriptingTraits (0ms)
			SetupTypeCache (204ms)
			ReleaseScriptCaches (1ms)
			RebuildScriptCaches (28ms)
			SetupLoadedEditorAssemblies (219ms)
				LogAssemblyErrors (0ms)
				InitializePlatformSupportModulesInManaged (5ms)
				SetLoadedEditorAssemblies (0ms)
				RefreshPlugins (1ms)
				BeforeProcessingInitializeOnLoad (57ms)
				ProcessInitializeOnLoadAttributes (149ms)
				ProcessInitializeOnLoadMethodAttributes (3ms)
				AfterProcessingInitializeOnLoad (4ms)
				EditorAssembliesLoaded (0ms)
			ExecutionOrderSort2 (0ms)
			AwakeInstancesAfterBackupRestoration (5ms)
Platform modules already initialized, skipping
Refreshing native plugins compatible for Editor in 0.35 ms, found 2 plugins.
Preloading 0 native plugins for Editor in 0.00 ms.
Unloading 1398 Unused Serialized files (Serialized files now loaded: 0)
System memory in use before: 68.3 MB.
System memory in use after: 68.4 MB.

Unloading 11 unused Assets to reduce memory usage. Loaded Objects now: 1890.
Total: 2.231200 ms (FindLiveObjects: 0.127200 ms CreateObjectMapping: 0.025700 ms MarkObjects: 2.056100 ms  DeleteObjects: 0.020600 ms)

AssetImportParameters requested are different than current active one (requested -> active):
  custom:framework-win-MediaFoundation: 216162199b28c13a410421893ffa2e32 -> 
  custom:video-decoder-ogg-theora: a1e56fd34408186e4bbccfd4996cb3dc -> 
  custom:container-muxer-webm: aa71ff27fc2769a1b78a27578f13a17b -> 
  custom:container-demuxer-webm: 4f35f7cbe854078d1ac9338744f61a02 -> 
  custom:container-demuxer-ogg: 62fdf1f143b41e24485cea50d1cbac27 -> 
  custom:video-encoder-webm-vp8: eb34c28f22e8b96e1ab97ce403110664 -> 
  custom:video-decoder-webm-vp8: 9c59270c3fd7afecdb556c50c9e8de78 -> 
  custom:audio-decoder-ogg-vorbis: bf7c407c2cedff20999df2af8eb42d56 -> 
  custom:audio-encoder-webm-vorbis: bf7c407c2cedff20999df2af8eb42d56 -> 
========================================================================
Received Prepare
Registering precompiled user dll's ...
Registered in 0.002029 seconds.
Begin MonoManager ReloadAssembly
Native extension for WindowsStandalone target not found
Native extension for WebGL target not found
Refreshing native plugins compatible for Editor in 0.28 ms, found 2 plugins.
Preloading 0 native plugins for Editor in 0.00 ms.
Mono: successfully reloaded assembly
- Completed reload, in  0.679 seconds
Domain Reload Profiling:
	ReloadAssembly (680ms)
		BeginReloadAssembly (82ms)
			ExecutionOrderSort (0ms)
			DisableScriptedObjects (3ms)
			BackupInstance (0ms)
			ReleaseScriptingObjects (0ms)
			CreateAndSetChildDomain (29ms)
		EndReloadAssembly (553ms)
			LoadAssemblies (58ms)
			RebuildTransferFunctionScriptingTraits (0ms)
			SetupTypeCache (187ms)
			ReleaseScriptCaches (1ms)
			RebuildScriptCaches (28ms)
			SetupLoadedEditorAssemblies (210ms)
				LogAssemblyErrors (0ms)
				InitializePlatformSupportModulesInManaged (4ms)
				SetLoadedEditorAssemblies (0ms)
				RefreshPlugins (0ms)
				BeforeProcessingInitializeOnLoad (53ms)
				ProcessInitializeOnLoadAttributes (146ms)
				ProcessInitializeOnLoadMethodAttributes (2ms)
				AfterProcessingInitializeOnLoad (4ms)
				EditorAssembliesLoaded (0ms)
			ExecutionOrderSort2 (0ms)
			AwakeInstancesAfterBackupRestoration (5ms)
Platform modules already initialized, skipping
Refreshing native plugins compatible for Editor in 0.28 ms, found 2 plugins.
Preloading 0 native plugins for Editor in 0.00 ms.
Unloading 1398 Unused Serialized files (Serialized files now loaded: 0)
System memory in use before: 68.3 MB.
System memory in use after: 68.4 MB.

Unloading 11 unused Assets to reduce memory usage. Loaded Objects now: 1892.
Total: 2.249600 ms (FindLiveObjects: 0.134500 ms CreateObjectMapping: 0.025400 ms MarkObjects: 2.071300 ms  DeleteObjects: 0.016700 ms)

AssetImportParameters requested are different than current active one (requested -> active):
  custom:framework-win-MediaFoundation: 216162199b28c13a410421893ffa2e32 -> 
  custom:video-decoder-ogg-theora: a1e56fd34408186e4bbccfd4996cb3dc -> 
  custom:container-muxer-webm: aa71ff27fc2769a1b78a27578f13a17b -> 
  custom:container-demuxer-webm: 4f35f7cbe854078d1ac9338744f61a02 -> 
  custom:container-demuxer-ogg: 62fdf1f143b41e24485cea50d1cbac27 -> 
  custom:video-encoder-webm-vp8: eb34c28f22e8b96e1ab97ce403110664 -> 
  custom:video-decoder-webm-vp8: 9c59270c3fd7afecdb556c50c9e8de78 -> 
  custom:audio-decoder-ogg-vorbis: bf7c407c2cedff20999df2af8eb42d56 -> 
  custom:audio-encoder-webm-vorbis: bf7c407c2cedff20999df2af8eb42d56 -> 
AssetImportWorkerClient::OnTransportError - code=2 error=End of file
